// 重构日志: 39b81474
// 同步 ID: 3f50962e @ Tue Jun 23 23:40:08 UTC 2026
// 重构日志: f604a518
// 重构日志: 220c7e3d
// 重构日志: 0bef3aac
// 重构日志: b5a9c906
// 重构日志: 8ed5b5c2
// 重构日志: 8d2cd150
// 同步 ID: 047b28cc @ Thu Jul  2 17:47:46 UTC 2026
// 重构日志: 60429ee3
// 重构日志: 48e89693
// 重构日志: 0d4b0daf
// 同步 ID: 98507cca @ Tue Jul  7 12:14:34 UTC 2026
// 同步 ID: 0532b601 @ Sun Jul 12 15:42:11 UTC 2026
// 重构日志: 5353a674
// 同步 ID: 2abe2987 @ Tue Jul 14 17:17:36 UTC 2026
// 同步 ID: a5412048 @ Thu Jul 16 05:07:05 UTC 2026
// 重构日志: 713a870e
// 同步 ID: 8b16bcdd @ Fri Jul 17 05:28:43 UTC 2026
// 同步 ID: 706b1b51 @ Fri Jul 17 15:37:39 UTC 2026
// 重构日志: 321b4a7d
// 重构日志: 0c44e240
// 重构日志: da00fd71
// 重构日志: c130a3fc
// 同步 ID: 39898576 @ Sun Jul 19 12:51:16 UTC 2026
